# JRE version: OpenJDK Runtime Environment (11.0.8+10) (build 11.0.8+10-b944.6842174)
# Java VM: OpenJDK 64-Bit Server VM (11.0.8+10-b944.6842174, mixed mode, tiered, compressed oops, g1 gc, windows-amd64)
Heap:
 garbage-first heap   total 131072K, used 51316K [0x0000000080000000, 0x0000000100000000)
  region size 1024K, 37 young (37888K), 1 survivors (1024K)
 Metaspace       used 16454K, capacity 16803K, committed 17024K, reserved 1064960K
  class space    used 1812K, capacity 1920K, committed 1920K, reserved 1048576K
GC Heap History (20 events):
Event: 749.224 GC heap before
{Heap before GC invocations=5 (full 0):
 garbage-first heap   total 131072K, used 20964K [0x0000000080000000, 0x0000000100000000)
  region size 1024K, 6 young (6144K), 1 survivors (1024K)
 Metaspace       used 16282K, capacity 16611K, committed 16768K, reserved 1064960K
  class space    used 1812K, capacity 1920K, committed 1920K, reserved 1048576K
}
Event: 749.226 GC heap after
{Heap after GC invocations=6 (full 0):
 garbage-first heap   total 131072K, used 15540K [0x0000000080000000, 0x0000000100000000)
  region size 1024K, 1 young (1024K), 1 survivors (1024K)
 Metaspace       used 16282K, capacity 16611K, committed 16768K, reserved 1064960K
  class space    used 1812K, capacity 1920K, committed 1920K, reserved 1048576K
}
Event: 859.243 GC heap before
{Heap before GC invocations=6 (full 0):
 garbage-first heap   total 131072K, used 20660K [0x0000000080000000, 0x0000000100000000)
  region size 1024K, 6 young (6144K), 1 survivors (1024K)
 Metaspace       used 16303K, capacity 16611K, committed 16768K, reserved 1064960K
  class space    used 1812K, capacity 1920K, committed 1920K, reserved 1048576K
}
Event: 859.245 GC heap after
{Heap after GC invocations=7 (full 0):
 garbage-first heap   total 131072K, used 15539K [0x0000000080000000, 0x0000000100000000)
  region size 1024K, 1 young (1024K), 1 survivors (1024K)
 Metaspace       used 16303K, capacity 16611K, committed 16768K, reserved 1064960K
  class space    used 1812K, capacity 1920K, committed 1920K, reserved 1048576K
}
Event: 1159.262 GC heap before
{Heap before GC invocations=7 (full 0):
 garbage-first heap   total 131072K, used 28851K [0x0000000080000000, 0x0000000100000000)
  region size 1024K, 14 young (14336K), 1 survivors (1024K)
 Metaspace       used 16317K, capacity 16611K, committed 16768K, reserved 1064960K
  class space    used 1812K, capacity 1920K, committed 1920K, reserved 1048576K
}
Event: 1159.304 GC heap after
{Heap after GC invocations=8 (full 0):
 garbage-first heap   total 131072K, used 15452K [0x0000000080000000, 0x0000000100000000)
  region size 1024K, 1 young (1024K), 1 survivors (1024K)
 Metaspace       used 16317K, capacity 16611K, committed 16768K, reserved 1064960K
  class space    used 1812K, capacity 1920K, committed 1920K, reserved 1048576K
}
Event: 1693.675 GC heap before
{Heap before GC invocations=8 (full 0):
 garbage-first heap   total 131072K, used 39004K [0x0000000080000000, 0x0000000100000000)
  region size 1024K, 24 young (24576K), 1 survivors (1024K)
 Metaspace       used 16332K, capacity 16611K, committed 16768K, reserved 1064960K
  class space    used 1812K, capacity 1920K, committed 1920K, reserved 1048576K
}
Event: 1693.722 GC heap after
{Heap after GC invocations=9 (full 0):
 garbage-first heap   total 131072K, used 15441K [0x0000000080000000, 0x0000000100000000)
  region size 1024K, 1 young (1024K), 1 survivors (1024K)
 Metaspace       used 16332K, capacity 16611K, committed 16768K, reserved 1064960K
  class space    used 1812K, capacity 1920K, committed 1920K, reserved 1048576K
}
Event: 2459.428 GC heap before
{Heap before GC invocations=9 (full 0):
 garbage-first heap   total 131072K, used 49233K [0x0000000080000000, 0x0000000100000000)
  region size 1024K, 34 young (34816K), 1 survivors (1024K)
 Metaspace       used 16406K, capacity 16739K, committed 16768K, reserved 1064960K
  class space    used 1812K, capacity 1920K, committed 1920K, reserved 1048576K
}
Event: 2459.632 GC heap after
{Heap after GC invocations=10 (full 0):
 garbage-first heap   total 131072K, used 15531K [0x0000000080000000, 0x0000000100000000)
  region size 1024K, 1 young (1024K), 1 survivors (1024K)
 Metaspace       used 16406K, capacity 16739K, committed 16768K, reserved 1064960K
  class space    used 1812K, capacity 1920K, committed 1920K, reserved 1048576K
}
Event: 2712.679 GC heap before
{Heap before GC invocations=10 (full 0):
 garbage-first heap   total 131072K, used 26795K [0x0000000080000000, 0x0000000100000000)
  region size 1024K, 12 young (12288K), 1 survivors (1024K)
 Metaspace       used 16416K, capacity 16739K, committed 16768K, reserved 1064960K
  class space    used 1812K, capacity 1920K, committed 1920K, reserved 1048576K
}
Event: 2712.726 GC heap after
{Heap after GC invocations=11 (full 0):
 garbage-first heap   total 131072K, used 15444K [0x0000000080000000, 0x0000000100000000)
  region size 1024K, 1 young (1024K), 1 survivors (1024K)
 Metaspace       used 16416K, capacity 16739K, committed 16768K, reserved 1064960K
  class space    used 1812K, capacity 1920K, committed 1920K, reserved 1048576K
}
Event: 3039.237 GC heap before
{Heap before GC invocations=11 (full 0):
 garbage-first heap   total 131072K, used 29780K [0x0000000080000000, 0x0000000100000000)
  region size 1024K, 15 young (15360K), 1 survivors (1024K)
 Metaspace       used 16419K, capacity 16739K, committed 16768K, reserved 1064960K
  class space    used 1812K, capacity 1920K, committed 1920K, reserved 1048576K
}
Event: 3039.282 GC heap after
{Heap after GC invocations=12 (full 0):
 garbage-first heap   total 131072K, used 15478K [0x0000000080000000, 0x0000000100000000)
  region size 1024K, 1 young (1024K), 1 survivors (1024K)
 Metaspace       used 16419K, capacity 16739K, committed 16768K, reserved 1064960K
  class space    used 1812K, capacity 1920K, committed 1920K, reserved 1048576K
}
Event: 3499.674 GC heap before
{Heap before GC invocations=12 (full 0):
 garbage-first heap   total 131072K, used 35958K [0x0000000080000000, 0x0000000100000000)
  region size 1024K, 21 young (21504K), 1 survivors (1024K)
 Metaspace       used 16420K, capacity 16739K, committed 16768K, reserved 1064960K
  class space    used 1812K, capacity 1920K, committed 1920K, reserved 1048576K
}
Event: 3499.691 GC heap after
{Heap after GC invocations=13 (full 0):
 garbage-first heap   total 131072K, used 15449K [0x0000000080000000, 0x0000000100000000)
  region size 1024K, 1 young (1024K), 1 survivors (1024K)
 Metaspace       used 16420K, capacity 16739K, committed 16768K, reserved 1064960K
  class space    used 1812K, capacity 1920K, committed 1920K, reserved 1048576K
}
Event: 4190.713 GC heap before
{Heap before GC invocations=13 (full 0):
 garbage-first heap   total 131072K, used 46169K [0x0000000080000000, 0x0000000100000000)
  region size 1024K, 31 young (31744K), 1 survivors (1024K)
 Metaspace       used 16422K, capacity 16739K, committed 16768K, reserved 1064960K
  class space    used 1812K, capacity 1920K, committed 1920K, reserved 1048576K
}
Event: 4190.905 GC heap after
{Heap after GC invocations=14 (full 0):
 garbage-first heap   total 131072K, used 15449K [0x0000000080000000, 0x0000000100000000)
  region size 1024K, 1 young (1024K), 1 survivors (1024K)
 Metaspace       used 16422K, capacity 16739K, committed 16768K, reserved 1064960K
  class space    used 1812K, capacity 1920K, committed 1920K, reserved 1048576K
}
Event: 5029.293 GC heap before
{Heap before GC invocations=14 (full 0):
 garbage-first heap   total 131072K, used 52313K [0x0000000080000000, 0x0000000100000000)
  region size 1024K, 37 young (37888K), 1 survivors (1024K)
 Metaspace       used 16429K, capacity 16739K, committed 16768K, reserved 1064960K
  class space    used 1812K, capacity 1920K, committed 1920K, reserved 1048576K
}
Event: 5029.437 GC heap after
{Heap after GC invocations=15 (full 0):
 garbage-first heap   total 131072K, used 15476K [0x0000000080000000, 0x0000000100000000)
  region size 1024K, 1 young (1024K), 1 survivors (1024K)
 Metaspace       used 16429K, capacity 16739K, committed 16768K, reserved 1064960K
  class space    used 1812K, capacity 1920K, committed 1920K, reserved 1048576K
}

