# JRE version: OpenJDK Runtime Environment (11.0.8+10) (build 11.0.8+10-b944.6842174)
# Java VM: OpenJDK 64-Bit Server VM (11.0.8+10-b944.6842174, mixed mode, tiered, compressed oops, g1 gc, windows-amd64)
Heap:
 garbage-first heap   total 131072K, used 42918K [0x0000000080000000, 0x0000000100000000)
  region size 1024K, 33 young (33792K), 5 survivors (5120K)
 Metaspace       used 16318K, capacity 16611K, committed 16768K, reserved 1064960K
  class space    used 1812K, capacity 1920K, committed 1920K, reserved 1048576K
GC Heap History (8 events):
Event: 1.877 GC heap before
{Heap before GC invocations=0 (full 0):
 garbage-first heap   total 131072K, used 19456K [0x0000000080000000, 0x0000000100000000)
  region size 1024K, 14 young (14336K), 0 survivors (0K)
 Metaspace       used 7432K, capacity 7599K, committed 7680K, reserved 1056768K
  class space    used 685K, capacity 748K, committed 768K, reserved 1048576K
}
Event: 1.892 GC heap after
{Heap after GC invocations=1 (full 0):
 garbage-first heap   total 131072K, used 8352K [0x0000000080000000, 0x0000000100000000)
  region size 1024K, 2 young (2048K), 2 survivors (2048K)
 Metaspace       used 7432K, capacity 7599K, committed 7680K, reserved 1056768K
  class space    used 685K, capacity 748K, committed 768K, reserved 1048576K
}
Event: 2.508 GC heap before
{Heap before GC invocations=1 (full 0):
 garbage-first heap   total 131072K, used 13472K [0x0000000080000000, 0x0000000100000000)
  region size 1024K, 7 young (7168K), 2 survivors (2048K)
 Metaspace       used 9521K, capacity 9738K, committed 9856K, reserved 1058816K
  class space    used 986K, capacity 1059K, committed 1152K, reserved 1048576K
}
Event: 2.516 GC heap after
{Heap after GC invocations=2 (full 0):
 garbage-first heap   total 131072K, used 8596K [0x0000000080000000, 0x0000000100000000)
  region size 1024K, 1 young (1024K), 1 survivors (1024K)
 Metaspace       used 9521K, capacity 9738K, committed 9856K, reserved 1058816K
  class space    used 986K, capacity 1059K, committed 1152K, reserved 1048576K
}
Event: 3.408 GC heap before
{Heap before GC invocations=2 (full 0):
 garbage-first heap   total 131072K, used 30100K [0x0000000080000000, 0x0000000100000000)
  region size 1024K, 23 young (23552K), 1 survivors (1024K)
 Metaspace       used 10522K, capacity 10693K, committed 11008K, reserved 1058816K
  class space    used 1100K, capacity 1164K, committed 1280K, reserved 1048576K
}
Event: 3.415 GC heap after
{Heap after GC invocations=3 (full 0):
 garbage-first heap   total 131072K, used 9197K [0x0000000080000000, 0x0000000100000000)
  region size 1024K, 2 young (2048K), 2 survivors (2048K)
 Metaspace       used 10522K, capacity 10693K, committed 11008K, reserved 1058816K
  class space    used 1100K, capacity 1164K, committed 1280K, reserved 1048576K
}
Event: 9.620 GC heap before
{Heap before GC invocations=3 (full 0):
 garbage-first heap   total 131072K, used 41965K [0x0000000080000000, 0x0000000100000000)
  region size 1024K, 35 young (35840K), 2 survivors (2048K)
 Metaspace       used 15472K, capacity 15762K, committed 16000K, reserved 1062912K
  class space    used 1752K, capacity 1855K, committed 1920K, reserved 1048576K
}
Event: 9.640 GC heap after
{Heap after GC invocations=4 (full 0):
 garbage-first heap   total 131072K, used 15270K [0x0000000080000000, 0x0000000100000000)
  region size 1024K, 5 young (5120K), 5 survivors (5120K)
 Metaspace       used 15472K, capacity 15762K, committed 16000K, reserved 1062912K
  class space    used 1752K, capacity 1855K, committed 1920K, reserved 1048576K
}

